Arguments: 
  D:\Program Files\node.exe C:\Users\noir\AppData\Roaming\npm\node_modules\yarn\bin\yarn.js install

PATH: 
  C:\WINDOWS\system32;C:\WINDOWS;C:\WINDOWS\System32\Wbem;C:\WINDOWS\System32\WindowsPowerShell\v1.0\;C:\WINDOWS\System32\OpenSSH\;C:\Program Files (x86)\NVIDIA Corporation\PhysX\Common;C:\Program Files\NVIDIA Corporation\NVIDIA NvDLISR;C:\Program Files\Git\cmd;C:\Program Files\Cloudflare\Cloudflare WARP\;C:\Program Files\MongoDB\Server\7.0\bin;C:\Program Files\MongoDB\mongosh-1.10.6-win32-x64\bin;D:\Program Files\;C:\Users\noir\AppData\Roaming\npm;C:\Users\noir\AppData\Local\Programs\Python\Python311\Scripts\;C:\Users\noir\AppData\Local\Programs\Python\Python311\;C:\Users\noir\AppData\Local\Microsoft\WindowsApps;C:\Users\noir\AppData\Local\atom\bin;C:\Users\noir\AppData\Local\Programs\Microsoft VS Code\bin;C:\Program Files\MongoDB\Server\7.0\bin;C:\Users\noir\AppData\Roaming\npm;C:\Users\noir\AppData\Local\GitHubDesktop\bin

Yarn version: 
  1.22.19

Node version: 
  18.17.1

Platform: 
  win32 ia32

Trace: 
  Error: read ECONNRESET
      at TLSWrap.onStreamRead (node:internal/stream_base_commons:217:20)

npm manifest: 
  {
    "name": "project1",
    "version": "0.0.0",
    "private": true,
    "scripts": {
      "start": "node ./bin/www"
    },
    "dependencies": {
      "bcrypt": "^5.0.1",
      "bcryptjs": "^2.4.3",
      "body-parser": "^1.20.2",
      "compat": "^1.0.4",
      "connect-flash": "^0.1.1",
      "cookie-parser": "~1.4.4",
      "debug": "~2.6.9",
      "ejs": "^3.1.9",
      "express": "^4.18.2",
      "express-ejs-layouts": "^2.5.1",
      "express-session": "^1.17.3",
      "http-errors": "~1.6.3",
      "moment": "^2.29.4",
      "mongoose": "^7.5.2",
      "morgan": "~1.9.1",
      "passport": "^0.6.0",
      "passport-local": "^1.0.0"
    }
  }

yarn manifest: 
  No manifest

Lockfile: 
  No lockfile
