Arguments: 
  D:\Program Files\node.exe C:\Users\noir\AppData\Roaming\npm\node_modules\yarn\bin\yarn.js add body-parser connect-flash mongoose express-session passport passport-local express-ejs-layout

PATH: 
  C:\WINDOWS\system32;C:\WINDOWS;C:\WINDOWS\System32\Wbem;C:\WINDOWS\System32\WindowsPowerShell\v1.0\;C:\WINDOWS\System32\OpenSSH\;C:\Program Files (x86)\NVIDIA Corporation\PhysX\Common;C:\Program Files\NVIDIA Corporation\NVIDIA NvDLISR;C:\Program Files\Git\cmd;C:\Program Files\Cloudflare\Cloudflare WARP\;C:\Program Files\MongoDB\Server\7.0\bin;C:\Program Files\MongoDB\mongosh-1.10.6-win32-x64\bin;D:\Program Files\;C:\Users\noir\AppData\Roaming\npm;C:\Users\noir\AppData\Local\Programs\Python\Python311\Scripts\;C:\Users\noir\AppData\Local\Programs\Python\Python311\;C:\Users\noir\AppData\Local\Microsoft\WindowsApps;C:\Users\noir\AppData\Local\atom\bin;C:\Users\noir\AppData\Local\Programs\Microsoft VS Code\bin;C:\Program Files\MongoDB\Server\7.0\bin;C:\Users\noir\AppData\Roaming\npm;C:\Users\noir\AppData\Local\GitHubDesktop\bin;C:\Program Files\heroku\bin

Yarn version: 
  1.22.19

Node version: 
  18.17.1

Platform: 
  win32 ia32

Trace: 
  Error: https://registry.npmjs.org/express-ejs-layout: Not found
      at params.callback [as _callback] (C:\Users\noir\AppData\Roaming\npm\node_modules\yarn\lib\cli.js:66145:18)
      at self.callback (C:\Users\noir\AppData\Roaming\npm\node_modules\yarn\lib\cli.js:140890:22)
      at Request.emit (node:events:514:28)
      at Request.<anonymous> (C:\Users\noir\AppData\Roaming\npm\node_modules\yarn\lib\cli.js:141862:10)
      at Request.emit (node:events:514:28)
      at IncomingMessage.<anonymous> (C:\Users\noir\AppData\Roaming\npm\node_modules\yarn\lib\cli.js:141784:12)
      at Object.onceWrapper (node:events:628:28)
      at IncomingMessage.emit (node:events:526:35)
      at endReadableNT (node:internal/streams/readable:1359:12)
      at process.processTicksAndRejections (node:internal/process/task_queues:82:21)

npm manifest: 
  {
    "name": "project2",
    "version": "0.0.0",
    "private": true,
    "scripts": {
      "start": "node ./bin/www"
    },
    "dependencies": {
      "cookie-parser": "~1.4.4",
      "debug": "~2.6.9",
      "ejs": "^3.1.9",
      "express": "^4.18.2",
      "http-errors": "~1.6.3",
      "morgan": "~1.9.1"
    }
  }

yarn manifest: 
  No manifest

Lockfile: 
  No lockfile
